mode: set
github.com/UZver24/URL-Shortener/internal/handler/health_handler.go:26.2,27.1 1 0
github.com/UZver24/URL-Shortener/internal/handler/health_handler.go:39.2,41.1 5 0
github.com/UZver24/URL-Shortener/internal/handler/health_handler.go:43.2,45.1 5 0
github.com/UZver24/URL-Shortener/internal/handler/health_handler.go:46.2,46.41 5 0
github.com/UZver24/URL-Shortener/internal/handler/health_handler.go:47.3,49.1 2 0
github.com/UZver24/URL-Shortener/internal/handler/health_handler.go:52.2,53.20 2 0
github.com/UZver24/URL-Shortener/internal/handler/health_handler.go:54.3,55.43 2 0
github.com/UZver24/URL-Shortener/internal/handler/health_handler.go:56.4,57.20 2 0
github.com/UZver24/URL-Shortener/internal/handler/health_handler.go:58.5,59.1 1 0
github.com/UZver24/URL-Shortener/internal/handler/health_handler.go:64.2,66.1 3 0
github.com/UZver24/URL-Shortener/internal/handler/health_handler.go:67.2,67.22 3 0
github.com/UZver24/URL-Shortener/internal/handler/health_handler.go:69.3,71.1 2 0
github.com/UZver24/URL-Shortener/internal/handler/health_handler.go:73.2,78.1 4 0
github.com/UZver24/URL-Shortener/internal/handler/health_handler.go:80.2,82.33 4 0
github.com/UZver24/URL-Shortener/internal/handler/link_handler.go:20.2,21.1 1 1
github.com/UZver24/URL-Shortener/internal/handler/link_handler.go:25.2,26.61 2 1
github.com/UZver24/URL-Shortener/internal/handler/link_handler.go:27.3,29.1 2 1
github.com/UZver24/URL-Shortener/internal/handler/link_handler.go:31.2,32.16 2 1
github.com/UZver24/URL-Shortener/internal/handler/link_handler.go:33.3,35.1 2 1
github.com/UZver24/URL-Shortener/internal/handler/link_handler.go:37.2,40.1 2 1
github.com/UZver24/URL-Shortener/internal/handler/link_handler.go:42.2,42.42 2 1
github.com/UZver24/URL-Shortener/internal/handler/link_handler.go:48.2,49.16 2 1
github.com/UZver24/URL-Shortener/internal/handler/link_handler.go:50.3,52.1 2 1
github.com/UZver24/URL-Shortener/internal/handler/link_handler.go:54.2,55.16 2 1
github.com/UZver24/URL-Shortener/internal/handler/link_handler.go:56.3,58.1 2 1
github.com/UZver24/URL-Shortener/internal/handler/link_handler.go:61.2,61.52 1 1
github.com/UZver24/URL-Shortener/internal/handler/link_handler.go:68.2,69.20 2 1
github.com/UZver24/URL-Shortener/internal/handler/link_handler.go:70.3,72.1 2 0
github.com/UZver24/URL-Shortener/internal/handler/link_handler.go:73.2,74.1 3 1
github.com/UZver24/URL-Shortener/internal/handler/link_handler.go:75.2,76.16 3 1
github.com/UZver24/URL-Shortener/internal/handler/link_handler.go:77.3,79.1 2 1
github.com/UZver24/URL-Shortener/internal/handler/link_handler.go:81.2,87.1 2 1
github.com/UZver24/URL-Shortener/internal/handler/link_handler.go:89.2,89.37 2 1
github.com/UZver24/URL-Shortener/internal/handler/link_handler.go:96.2,97.20 2 1
github.com/UZver24/URL-Shortener/internal/handler/link_handler.go:98.3,100.1 2 0
github.com/UZver24/URL-Shortener/internal/handler/link_handler.go:101.2,102.1 3 1
github.com/UZver24/URL-Shortener/internal/handler/link_handler.go:103.2,104.16 3 1
github.com/UZver24/URL-Shortener/internal/handler/link_handler.go:105.3,107.1 2 1
github.com/UZver24/URL-Shortener/internal/handler/link_handler.go:109.2,109.37 1 1
github.com/UZver24/URL-Shortener/internal/handler/link_handler.go:114.2,117.1 3 1
github.com/UZver24/URL-Shortener/internal/handler/link_handler.go:121.2,122.1 1 1
github.com/UZver24/URL-Shortener/internal/handler/link_handler.go:126.2,126.9 1 1
github.com/UZver24/URL-Shortener/internal/handler/link_handler.go:128.3,128.57 1 1
github.com/UZver24/URL-Shortener/internal/handler/link_handler.go:130.3,130.58 1 1
github.com/UZver24/URL-Shortener/internal/handler/link_handler.go:132.3,132.62 1 0
github.com/UZver24/URL-Shortener/internal/handler/link_handler.go:134.3,134.67 1 0
github.com/UZver24/URL-Shortener/internal/handler/link_handler.go:136.3,136.75 1 0
github.com/UZver24/URL-Shortener/internal/repository/redis/link_cache.go:25.2,29.1 1 1
github.com/UZver24/URL-Shortener/internal/repository/redis/link_cache.go:34.2,35.1 1 1
github.com/UZver24/URL-Shortener/internal/repository/redis/link_cache.go:40.2,41.1 3 1
github.com/UZver24/URL-Shortener/internal/repository/redis/link_cache.go:42.2,43.16 3 1
github.com/UZver24/URL-Shortener/internal/repository/redis/link_cache.go:44.3,44.32 1 1
github.com/UZver24/URL-Shortener/internal/repository/redis/link_cache.go:46.4,47.1 1 1
github.com/UZver24/URL-Shortener/internal/repository/redis/link_cache.go:48.3,48.47 1 0
github.com/UZver24/URL-Shortener/internal/repository/redis/link_cache.go:51.2,52.52 2 1
github.com/UZver24/URL-Shortener/internal/repository/redis/link_cache.go:53.3,54.1 1 0
github.com/UZver24/URL-Shortener/internal/repository/redis/link_cache.go:56.2,56.19 1 1
github.com/UZver24/URL-Shortener/internal/repository/redis/link_cache.go:61.2,61.17 1 1
github.com/UZver24/URL-Shortener/internal/repository/redis/link_cache.go:62.3,63.1 1 1
github.com/UZver24/URL-Shortener/internal/repository/redis/link_cache.go:65.2,66.1 3 1
github.com/UZver24/URL-Shortener/internal/repository/redis/link_cache.go:67.2,68.16 3 1
github.com/UZver24/URL-Shortener/internal/repository/redis/link_cache.go:69.3,70.1 1 0
github.com/UZver24/URL-Shortener/internal/repository/redis/link_cache.go:72.2,72.66 1 1
github.com/UZver24/URL-Shortener/internal/repository/redis/link_cache.go:73.3,74.1 1 0
github.com/UZver24/URL-Shortener/internal/repository/redis/link_cache.go:76.2,77.12 2 1
github.com/UZver24/URL-Shortener/internal/repository/redis/link_cache.go:82.2,83.1 2 1
github.com/UZver24/URL-Shortener/internal/repository/redis/link_cache.go:84.2,84.53 2 1
github.com/UZver24/URL-Shortener/internal/repository/redis/link_cache.go:85.3,86.1 1 0
github.com/UZver24/URL-Shortener/internal/repository/redis/link_cache.go:88.2,89.12 2 1
github.com/UZver24/URL-Shortener/internal/repository/redis/redis.go:23.2,28.1 4 0
github.com/UZver24/URL-Shortener/internal/repository/redis/redis.go:30.2,32.1 4 0
github.com/UZver24/URL-Shortener/internal/repository/redis/redis.go:33.2,33.47 4 0
github.com/UZver24/URL-Shortener/internal/repository/redis/redis.go:34.3,35.1 1 0
github.com/UZver24/URL-Shortener/internal/repository/redis/redis.go:37.2,38.1 2 0
github.com/UZver24/URL-Shortener/internal/repository/redis/redis.go:39.2,42.8 2 0
github.com/UZver24/URL-Shortener/internal/repository/redis/redis.go:47.2,47.41 1 0
github.com/UZver24/URL-Shortener/internal/repository/redis/redis.go:48.3,49.1 1 0
github.com/UZver24/URL-Shortener/internal/repository/redis/redis.go:50.2,51.12 2 0
github.com/UZver24/URL-Shortener/internal/repository/redis/redis.go:56.2,57.1 1 0
github.com/UZver24/URL-Shortener/internal/repository/redis/redis.go:61.2,62.1 1 0
github.com/UZver24/URL-Shortener/internal/service/link_service.go:43.2,47.1 1 1
github.com/UZver24/URL-Shortener/internal/service/link_service.go:53.2,53.30 1 1
github.com/UZver24/URL-Shortener/internal/service/link_service.go:54.3,56.1 2 1
github.com/UZver24/URL-Shortener/internal/service/link_service.go:59.2,60.35 2 1
github.com/UZver24/URL-Shortener/internal/service/link_service.go:61.3,66.1 2 1
github.com/UZver24/URL-Shortener/internal/service/link_service.go:69.2,70.22 2 1
github.com/UZver24/URL-Shortener/internal/service/link_service.go:71.3,72.1 1 1
github.com/UZver24/URL-Shortener/internal/service/link_service.go:73.3,74.17 2 1
github.com/UZver24/URL-Shortener/internal/service/link_service.go:75.4,77.1 2 0
github.com/UZver24/URL-Shortener/internal/service/link_service.go:81.2,86.1 2 1
github.com/UZver24/URL-Shortener/internal/service/link_service.go:89.2,89.46 2 1
github.com/UZver24/URL-Shortener/internal/service/link_service.go:90.3,91.17 2 1
github.com/UZver24/URL-Shortener/internal/service/link_service.go:92.4,98.1 2 1
github.com/UZver24/URL-Shortener/internal/service/link_service.go:100.3,100.44 1 1
github.com/UZver24/URL-Shortener/internal/service/link_service.go:101.4,105.1 3 1
github.com/UZver24/URL-Shortener/internal/service/link_service.go:106.4,107.18 3 1
github.com/UZver24/URL-Shortener/internal/service/link_service.go:108.5,110.1 2 0
github.com/UZver24/URL-Shortener/internal/service/link_service.go:111.4,112.12 2 1
github.com/UZver24/URL-Shortener/internal/service/link_service.go:116.3,117.18 2 0
github.com/UZver24/URL-Shortener/internal/service/link_service.go:120.2,121.66 2 0
github.com/UZver24/URL-Shortener/internal/service/link_service.go:127.2,129.1 3 1
github.com/UZver24/URL-Shortener/internal/service/link_service.go:131.2,131.20 3 1
github.com/UZver24/URL-Shortener/internal/service/link_service.go:132.3,133.17 2 0
github.com/UZver24/URL-Shortener/internal/service/link_service.go:135.4,137.1 4 0
github.com/UZver24/URL-Shortener/internal/service/link_service.go:138.4,140.1 4 0
github.com/UZver24/URL-Shortener/internal/service/link_service.go:142.3,142.44 1 0
github.com/UZver24/URL-Shortener/internal/service/link_service.go:144.4,145.1 1 0
github.com/UZver24/URL-Shortener/internal/service/link_service.go:147.4,149.1 2 0
github.com/UZver24/URL-Shortener/internal/service/link_service.go:153.2,154.16 2 1
github.com/UZver24/URL-Shortener/internal/service/link_service.go:155.3,156.1 1 1
github.com/UZver24/URL-Shortener/internal/service/link_service.go:159.2,159.20 1 1
github.com/UZver24/URL-Shortener/internal/service/link_service.go:160.3,161.50 2 0
github.com/UZver24/URL-Shortener/internal/service/link_service.go:162.4,164.1 2 0
github.com/UZver24/URL-Shortener/internal/service/link_service.go:168.2,169.1 2 1
github.com/UZver24/URL-Shortener/internal/service/link_service.go:170.2,170.30 2 1
github.com/UZver24/URL-Shortener/internal/service/link_service.go:175.2,176.62 2 1
github.com/UZver24/URL-Shortener/internal/service/link_service.go:177.3,181.1 1 0
github.com/UZver24/URL-Shortener/internal/service/link_service.go:187.2,189.1 3 1
github.com/UZver24/URL-Shortener/internal/service/link_service.go:191.2,191.20 3 1
github.com/UZver24/URL-Shortener/internal/service/link_service.go:192.3,193.17 2 0
github.com/UZver24/URL-Shortener/internal/service/link_service.go:194.4,197.1 3 0
github.com/UZver24/URL-Shortener/internal/service/link_service.go:198.3,198.44 1 0
github.com/UZver24/URL-Shortener/internal/service/link_service.go:199.4,200.1 1 0
github.com/UZver24/URL-Shortener/internal/service/link_service.go:201.4,203.1 2 0
github.com/UZver24/URL-Shortener/internal/service/link_service.go:207.2,208.16 2 1
github.com/UZver24/URL-Shortener/internal/service/link_service.go:209.3,210.1 1 0
github.com/UZver24/URL-Shortener/internal/service/link_service.go:213.2,213.20 1 1
github.com/UZver24/URL-Shortener/internal/service/link_service.go:214.3,215.50 2 0
github.com/UZver24/URL-Shortener/internal/service/link_service.go:216.4,218.1 2 0
github.com/UZver24/URL-Shortener/internal/service/link_service.go:221.2,221.18 1 1
github.com/UZver24/URL-Shortener/internal/service/link_service.go:227.2,228.16 2 1
github.com/UZver24/URL-Shortener/internal/service/link_service.go:229.3,230.1 1 1
github.com/UZver24/URL-Shortener/internal/service/link_service.go:233.2,233.20 1 1
github.com/UZver24/URL-Shortener/internal/service/link_service.go:234.3,235.53 2 0
github.com/UZver24/URL-Shortener/internal/service/link_service.go:236.4,238.1 2 0
github.com/UZver24/URL-Shortener/internal/service/link_service.go:241.2,242.12 2 1
github.com/UZver24/URL-Shortener/internal/service/link_service.go:247.2,247.15 1 1
github.com/UZver24/URL-Shortener/internal/service/link_service.go:248.3,249.1 1 1
github.com/UZver24/URL-Shortener/internal/service/link_service.go:251.2,252.16 2 1
github.com/UZver24/URL-Shortener/internal/service/link_service.go:253.3,254.1 1 0
github.com/UZver24/URL-Shortener/internal/service/link_service.go:257.2,257.39 1 1
github.com/UZver24/URL-Shortener/internal/service/link_service.go:262.2,264.1 4 1
github.com/UZver24/URL-Shortener/internal/service/link_service.go:265.2,266.30 4 1
github.com/UZver24/URL-Shortener/internal/service/link_service.go:267.3,268.17 2 1
github.com/UZver24/URL-Shortener/internal/service/link_service.go:269.4,270.1 1 0
github.com/UZver24/URL-Shortener/internal/service/link_service.go:271.3,271.31 1 1
github.com/UZver24/URL-Shortener/internal/service/link_service.go:274.2,274.26 1 1
github.com/UZver24/URL-Shortener/internal/config/config.go:36.2,37.1 14 0
github.com/UZver24/URL-Shortener/internal/config/config.go:38.2,39.1 14 0
github.com/UZver24/URL-Shortener/internal/config/config.go:41.2,46.1 14 0
github.com/UZver24/URL-Shortener/internal/config/config.go:48.2,53.1 14 0
github.com/UZver24/URL-Shortener/internal/config/config.go:55.2,56.1 14 0
github.com/UZver24/URL-Shortener/internal/config/config.go:58.2,58.32 14 0
github.com/UZver24/URL-Shortener/internal/config/config.go:59.3,60.1 1 0
github.com/UZver24/URL-Shortener/internal/config/config.go:62.2,62.17 1 0
github.com/UZver24/URL-Shortener/internal/config/config.go:68.2,76.1 1 0
github.com/UZver24/URL-Shortener/internal/config/config.go:80.2,81.1 1 0
github.com/UZver24/URL-Shortener/internal/config/config.go:85.2,85.48 1 0
github.com/UZver24/URL-Shortener/internal/config/config.go:86.3,87.1 1 0
github.com/UZver24/URL-Shortener/internal/config/config.go:88.2,88.21 1 0
github.com/UZver24/URL-Shortener/internal/config/config.go:93.2,94.20 2 0
github.com/UZver24/URL-Shortener/internal/config/config.go:95.3,96.1 1 0
github.com/UZver24/URL-Shortener/internal/config/config.go:98.2,99.16 2 0
github.com/UZver24/URL-Shortener/internal/config/config.go:100.3,101.1 1 0
github.com/UZver24/URL-Shortener/internal/config/config.go:102.2,102.14 1 0
github.com/UZver24/URL-Shortener/internal/repository/postgres/link_repo.go:21.2,22.1 1 0
github.com/UZver24/URL-Shortener/internal/repository/postgres/link_repo.go:26.2,31.1 3 0
github.com/UZver24/URL-Shortener/internal/repository/postgres/link_repo.go:32.2,40.1 3 0
github.com/UZver24/URL-Shortener/internal/repository/postgres/link_repo.go:41.2,41.16 3 0
github.com/UZver24/URL-Shortener/internal/repository/postgres/link_repo.go:43.3,43.28 1 0
github.com/UZver24/URL-Shortener/internal/repository/postgres/link_repo.go:44.4,45.1 1 0
github.com/UZver24/URL-Shortener/internal/repository/postgres/link_repo.go:46.3,46.44 1 0
github.com/UZver24/URL-Shortener/internal/repository/postgres/link_repo.go:49.2,49.12 1 0
github.com/UZver24/URL-Shortener/internal/repository/postgres/link_repo.go:54.2,59.1 4 0
github.com/UZver24/URL-Shortener/internal/repository/postgres/link_repo.go:60.2,69.1 4 0
github.com/UZver24/URL-Shortener/internal/repository/postgres/link_repo.go:70.2,70.16 4 0
github.com/UZver24/URL-Shortener/internal/repository/postgres/link_repo.go:71.3,71.36 1 0
github.com/UZver24/URL-Shortener/internal/repository/postgres/link_repo.go:72.4,73.1 1 0
github.com/UZver24/URL-Shortener/internal/repository/postgres/link_repo.go:74.3,74.49 1 0
github.com/UZver24/URL-Shortener/internal/repository/postgres/link_repo.go:77.2,77.18 1 0
github.com/UZver24/URL-Shortener/internal/repository/postgres/link_repo.go:82.2,88.1 4 0
github.com/UZver24/URL-Shortener/internal/repository/postgres/link_repo.go:89.2,98.1 4 0
github.com/UZver24/URL-Shortener/internal/repository/postgres/link_repo.go:99.2,99.16 4 0
github.com/UZver24/URL-Shortener/internal/repository/postgres/link_repo.go:100.3,100.36 1 0
github.com/UZver24/URL-Shortener/internal/repository/postgres/link_repo.go:101.4,102.1 1 0
github.com/UZver24/URL-Shortener/internal/repository/postgres/link_repo.go:103.3,103.56 1 0
github.com/UZver24/URL-Shortener/internal/repository/postgres/link_repo.go:106.2,106.18 1 0
github.com/UZver24/URL-Shortener/internal/repository/postgres/link_repo.go:111.2,116.1 3 0
github.com/UZver24/URL-Shortener/internal/repository/postgres/link_repo.go:117.2,118.16 3 0
github.com/UZver24/URL-Shortener/internal/repository/postgres/link_repo.go:119.3,120.1 1 0
github.com/UZver24/URL-Shortener/internal/repository/postgres/link_repo.go:122.2,122.12 1 0
github.com/UZver24/URL-Shortener/internal/repository/postgres/link_repo.go:127.2,128.1 3 0
github.com/UZver24/URL-Shortener/internal/repository/postgres/link_repo.go:129.2,130.16 3 0
github.com/UZver24/URL-Shortener/internal/repository/postgres/link_repo.go:131.3,132.1 1 0
github.com/UZver24/URL-Shortener/internal/repository/postgres/link_repo.go:135.2,135.32 1 0
github.com/UZver24/URL-Shortener/internal/repository/postgres/link_repo.go:136.3,137.1 1 0
github.com/UZver24/URL-Shortener/internal/repository/postgres/link_repo.go:139.2,139.12 1 0
github.com/UZver24/URL-Shortener/internal/repository/postgres/link_repo.go:146.2,147.1 1 0
github.com/UZver24/URL-Shortener/internal/repository/postgres/link_repo.go:151.2,152.1 1 0
github.com/UZver24/URL-Shortener/internal/repository/postgres/link_repo.go:156.2,156.43 1 0
github.com/UZver24/URL-Shortener/internal/repository/postgres/link_repo.go:157.3,157.35 1 0
github.com/UZver24/URL-Shortener/internal/repository/postgres/link_repo.go:158.4,159.1 1 0
github.com/UZver24/URL-Shortener/internal/repository/postgres/link_repo.go:161.2,161.14 1 0
github.com/UZver24/URL-Shortener/internal/repository/postgres/postgres.go:14.2,15.16 2 0
github.com/UZver24/URL-Shortener/internal/repository/postgres/postgres.go:16.3,17.1 1 0
github.com/UZver24/URL-Shortener/internal/repository/postgres/postgres.go:20.2,24.1 8 0
github.com/UZver24/URL-Shortener/internal/repository/postgres/postgres.go:26.2,28.1 8 0
github.com/UZver24/URL-Shortener/internal/repository/postgres/postgres.go:29.2,30.16 8 0
github.com/UZver24/URL-Shortener/internal/repository/postgres/postgres.go:31.3,32.1 1 0
github.com/UZver24/URL-Shortener/internal/repository/postgres/postgres.go:35.2,35.39 1 0
github.com/UZver24/URL-Shortener/internal/repository/postgres/postgres.go:36.3,38.1 2 0
github.com/UZver24/URL-Shortener/internal/repository/postgres/postgres.go:40.2,40.18 1 0
github.com/UZver24/URL-Shortener/internal/handler/middleware/logging.go:16.2,17.1 1 0
github.com/UZver24/URL-Shortener/internal/handler/middleware/logging.go:20.2,22.1 2 0
github.com/UZver24/URL-Shortener/internal/handler/middleware/logging.go:26.2,26.46 1 0
github.com/UZver24/URL-Shortener/internal/handler/middleware/logging.go:27.3,27.72 1 0
github.com/UZver24/URL-Shortener/internal/handler/middleware/logging.go:28.4,29.1 6 0
github.com/UZver24/URL-Shortener/internal/handler/middleware/logging.go:31.4,32.1 6 0
github.com/UZver24/URL-Shortener/internal/handler/middleware/logging.go:34.4,35.1 6 0
github.com/UZver24/URL-Shortener/internal/handler/middleware/logging.go:37.4,38.1 6 0
github.com/UZver24/URL-Shortener/internal/handler/middleware/logging.go:40.4,41.1 6 0
github.com/UZver24/URL-Shortener/internal/handler/middleware/logging.go:43.4,52.1 6 0
github.com/UZver24/URL-Shortener/internal/handler/middleware/metrics.go:64.2,65.1 1 0
github.com/UZver24/URL-Shortener/internal/handler/middleware/metrics.go:68.2,70.1 2 0
github.com/UZver24/URL-Shortener/internal/handler/middleware/metrics.go:74.2,74.71 1 0
github.com/UZver24/URL-Shortener/internal/handler/middleware/metrics.go:75.3,76.1 7 0
github.com/UZver24/URL-Shortener/internal/handler/middleware/metrics.go:78.3,79.1 7 0
github.com/UZver24/URL-Shortener/internal/handler/middleware/metrics.go:81.3,82.1 7 0
github.com/UZver24/URL-Shortener/internal/handler/middleware/metrics.go:84.3,85.1 7 0
github.com/UZver24/URL-Shortener/internal/handler/middleware/metrics.go:87.3,88.1 7 0
github.com/UZver24/URL-Shortener/internal/handler/middleware/metrics.go:90.3,95.1 7 0
github.com/UZver24/URL-Shortener/internal/handler/middleware/metrics.go:97.3,101.1 7 0
github.com/UZver24/URL-Shortener/internal/handler/middleware/metrics.go:106.2,107.1 1 0
github.com/UZver24/URL-Shortener/internal/handler/middleware/metrics.go:111.2,112.1 1 0
github.com/UZver24/URL-Shortener/internal/handler/middleware/metrics.go:116.2,117.1 1 0
github.com/UZver24/URL-Shortener/internal/handler/middleware/requestid.go:16.2,16.71 1 0
github.com/UZver24/URL-Shortener/internal/handler/middleware/requestid.go:18.3,19.1 4 0
github.com/UZver24/URL-Shortener/internal/handler/middleware/requestid.go:21.3,22.1 4 0
github.com/UZver24/URL-Shortener/internal/handler/middleware/requestid.go:24.3,25.1 4 0
github.com/UZver24/URL-Shortener/internal/handler/middleware/requestid.go:27.3,28.1 4 0
github.com/UZver24/URL-Shortener/internal/handler/middleware/requestid.go:33.2,33.52 1 0
github.com/UZver24/URL-Shortener/internal/handler/middleware/requestid.go:34.3,35.1 1 0
github.com/UZver24/URL-Shortener/internal/handler/middleware/requestid.go:36.2,36.11 1 0
github.com/UZver24/URL-Shortener/cmd/api/main.go:34.2,38.1 4 0
github.com/UZver24/URL-Shortener/cmd/api/main.go:40.2,41.16 4 0
github.com/UZver24/URL-Shortener/cmd/api/main.go:42.3,44.1 2 0
github.com/UZver24/URL-Shortener/cmd/api/main.go:47.2,48.16 2 0
github.com/UZver24/URL-Shortener/cmd/api/main.go:49.3,51.1 2 0
github.com/UZver24/URL-Shortener/cmd/api/main.go:52.2,53.1 3 0
github.com/UZver24/URL-Shortener/cmd/api/main.go:54.2,59.1 3 0
github.com/UZver24/URL-Shortener/cmd/api/main.go:61.2,61.57 3 0
github.com/UZver24/URL-Shortener/cmd/api/main.go:62.3,64.1 2 0
github.com/UZver24/URL-Shortener/cmd/api/main.go:66.2,67.1 6 0
github.com/UZver24/URL-Shortener/cmd/api/main.go:69.2,70.1 6 0
github.com/UZver24/URL-Shortener/cmd/api/main.go:72.2,74.1 6 0
github.com/UZver24/URL-Shortener/cmd/api/main.go:75.2,76.16 6 0
github.com/UZver24/URL-Shortener/cmd/api/main.go:77.3,79.1 2 0
github.com/UZver24/URL-Shortener/cmd/api/main.go:81.3,84.1 3 0
github.com/UZver24/URL-Shortener/cmd/api/main.go:87.2,90.1 5 0
github.com/UZver24/URL-Shortener/cmd/api/main.go:92.2,93.24 5 0
github.com/UZver24/URL-Shortener/cmd/api/main.go:94.3,95.1 1 0
github.com/UZver24/URL-Shortener/cmd/api/main.go:96.3,97.1 1 0
github.com/UZver24/URL-Shortener/cmd/api/main.go:100.2,101.1 10 0
github.com/UZver24/URL-Shortener/cmd/api/main.go:103.2,105.1 10 0
github.com/UZver24/URL-Shortener/cmd/api/main.go:107.2,110.1 10 0
github.com/UZver24/URL-Shortener/cmd/api/main.go:112.2,113.1 10 0
github.com/UZver24/URL-Shortener/cmd/api/main.go:116.2,117.1 10 0
github.com/UZver24/URL-Shortener/cmd/api/main.go:119.2,125.1 10 0
github.com/UZver24/URL-Shortener/cmd/api/main.go:128.2,128.12 10 0
github.com/UZver24/URL-Shortener/cmd/api/main.go:129.3,130.80 2 0
github.com/UZver24/URL-Shortener/cmd/api/main.go:131.4,133.1 2 0
github.com/UZver24/URL-Shortener/cmd/api/main.go:137.2,140.1 8 0
github.com/UZver24/URL-Shortener/cmd/api/main.go:141.2,143.1 8 0
github.com/UZver24/URL-Shortener/cmd/api/main.go:145.2,147.1 8 0
github.com/UZver24/URL-Shortener/cmd/api/main.go:148.2,148.45 8 0
github.com/UZver24/URL-Shortener/cmd/api/main.go:149.3,150.1 1 0
github.com/UZver24/URL-Shortener/cmd/api/main.go:153.2,153.24 1 0
github.com/UZver24/URL-Shortener/cmd/api/main.go:154.3,154.45 1 0
github.com/UZver24/URL-Shortener/cmd/api/main.go:155.4,156.1 1 0
github.com/UZver24/URL-Shortener/cmd/api/main.go:159.2,159.42 1 0
github.com/UZver24/URL-Shortener/cmd/api/main.go:165.2,166.16 2 0
github.com/UZver24/URL-Shortener/cmd/api/main.go:167.3,168.1 1 0
github.com/UZver24/URL-Shortener/cmd/api/main.go:170.2,171.16 2 0
github.com/UZver24/URL-Shortener/cmd/api/main.go:172.3,173.1 1 0
github.com/UZver24/URL-Shortener/cmd/api/main.go:175.2,175.61 1 0
github.com/UZver24/URL-Shortener/cmd/api/main.go:176.3,177.1 1 0
github.com/UZver24/URL-Shortener/cmd/api/main.go:179.2,179.12 1 0
github.com/UZver24/URL-Shortener/cmd/api/main.go:184.2,189.18 1 0
github.com/UZver24/URL-Shortener/cmd/api/main.go:190.4,192.1 2 0
github.com/UZver24/URL-Shortener/cmd/api/main.go:195.2,200.18 1 0
github.com/UZver24/URL-Shortener/cmd/api/main.go:201.4,203.1 2 0
github.com/UZver24/URL-Shortener/cmd/api/main.go:206.2,211.18 1 0
github.com/UZver24/URL-Shortener/cmd/api/main.go:212.4,214.1 2 0
